<?xml version="1.0" encoding="UTF-8"?>
<!-- Generated by org.testng.reporters.JUnitReportReporter -->
<testsuite hostname="DESKTOP-HGUKC47" failures="0" tests="1" name="regression.ValidateLoginUsingPOM" time="11.462" errors="0" timestamp="2025-03-26T09:03:19 IST" skipped="0">
  <testcase classname="regression.ValidateLoginUsingPOM" name="validateLoginTest" time="11.462"/>
</testsuite> <!-- regression.ValidateLoginUsingPOM -->
