<?xml version="1.0" encoding="UTF-8"?>
<!-- Generated by org.testng.reporters.JUnitReportReporter -->
<testsuite hostname="DESKTOP-HGUKC47" failures="0" tests="1" name="regression.ValidateLoginUsingPOMAndDataProviderUsingExcel" time="9.742" errors="0" timestamp="2025-03-28T22:12:29 IST" skipped="0">
  <testcase classname="regression.ValidateLoginUsingPOMAndDataProviderUsingExcel" name="validateLoginTest" time="9.742"/>
</testsuite> <!-- regression.ValidateLoginUsingPOMAndDataProviderUsingExcel -->
