<?xml version="1.0" encoding="UTF-8"?>
<!-- Generated by org.testng.reporters.JUnitReportReporter -->
<testsuite hostname="DESKTOP-HGUKC47" failures="0" tests="1" name="regression.ValidateLoginUsingPOMAndDataDrivenUsingExcel" time="46.396" errors="0" timestamp="2025-03-27T07:59:39 IST" skipped="0">
  <testcase classname="regression.ValidateLoginUsingPOMAndDataDrivenUsingExcel" name="validateLoginTest" time="46.396"/>
</testsuite> <!-- regression.ValidateLoginUsingPOMAndDataDrivenUsingExcel -->
