<?xml version="1.0" encoding="UTF-8"?>
<!-- Generated by org.testng.reporters.JUnitReportReporter -->
<testsuite hostname="DESKTOP-HGUKC47" failures="0" tests="1" name="regression.ValidateLoginUsingPOMAndDataProviderUsingExcel" time="14.644" errors="0" timestamp="2025-04-11T19:24:06 IST" skipped="0">
  <testcase classname="regression.ValidateLoginUsingPOMAndDataProviderUsingExcel" name="validateLoginTest" time="14.644"/>
</testsuite> <!-- regression.ValidateLoginUsingPOMAndDataProviderUsingExcel -->
